<?xml version="1.0" encoding="UTF-8"?>
<testng-results ignored="0" total="2" passed="2" failed="0" skipped="0">
  <reporter-output>
  </reporter-output>
  <suite started-at="2024-04-03T14:51:55 IST" name="Default suite" finished-at="2024-04-03T14:52:01 IST" duration-ms="6174">
    <groups>
    </groups>
    <test started-at="2024-04-03T14:51:55 IST" name="Default test" finished-at="2024-04-03T14:52:01 IST" duration-ms="6174">
      <class name="stepdefinitions.ExcelExecution">
        <test-method signature="TestExcel(java.lang.String,java.lang.String)[pri:0, instance:stepdefinitions.ExcelExecution@6e6d5d29]" started-at="2024-04-03T14:51:55 IST" name="TestExcel" data-provider="mynetwork" finished-at="2024-04-03T14:51:59 IST" duration-ms="3740" status="PASS">
          <params>
            <param index="0">
              <value>
                <![CDATA[chintalatanusha@gmail.com]]>
              </value>
            </param>
            <param index="1">
              <value>
                <![CDATA[Nihal@1920]]>
              </value>
            </param>
          </params>
          <reporter-output>
          </reporter-output>
        </test-method> <!-- TestExcel -->
        <test-method signature="TestExcel(java.lang.String,java.lang.String)[pri:0, instance:stepdefinitions.ExcelExecution@6e6d5d29]" started-at="2024-04-03T14:51:59 IST" name="TestExcel" data-provider="mynetwork" finished-at="2024-04-03T14:52:01 IST" duration-ms="1814" status="PASS">
          <params>
            <param index="0">
              <value>
                <![CDATA[Ramyasarikonda@gmail.com]]>
              </value>
            </param>
            <param index="1">
              <value>
                <![CDATA[RAMYa@21]]>
              </value>
            </param>
          </params>
          <reporter-output>
          </reporter-output>
        </test-method> <!-- TestExcel -->
      </class> <!-- stepdefinitions.ExcelExecution -->
    </test> <!-- Default test -->
  </suite> <!-- Default suite -->
</testng-results>
